Running: C:\Xilinx\14.7\ISE_DS\ISE\bin\nt64\unwrapped\fuse.exe -intstyle ise -incremental -o C:/Users/Nilanka Manoj/Documents/FINAL LAB RESOUSES/New folder (3)/PROCESSOR_6_BITS_FINAL2/PROCESSOR_6_BITS_FINAL/reg_test_reg_test_sch_tb_isim_beh.exe -prj C:/Users/Nilanka Manoj/Documents/FINAL LAB RESOUSES/New folder (3)/PROCESSOR_6_BITS_FINAL2/PROCESSOR_6_BITS_FINAL/reg_test_reg_test_sch_tb_beh.prj work.reg_test_reg_test_sch_tb 
ISim P.20131013 (signature 0x7708f090)
Number of CPUs detected in this system: 4
Turning on mult-threading, number of parallel sub-compilation jobs: 8 
Determining compilation order of HDL files
Parsing VHDL file "C:/Users/Nilanka Manoj/Documents/FINAL LAB RESOUSES/New folder (3)/PROCESSOR_6_BITS_FINAL2/PROCESSOR_6_BITS_FINAL/reg_test.vhf" into library work
Parsing VHDL file "C:/Users/Nilanka Manoj/Documents/FINAL LAB RESOUSES/New folder (3)/PROCESSOR_6_BITS_FINAL2/PROCESSOR_6_BITS_FINAL/tb_123.vhd" into library work
Starting static elaboration
Completed static elaboration
Compiling package standard
Compiling package std_logic_1164
Compiling package numeric_std
Compiling package vcomponents
Compiling architecture fdc_v of entity FDC [\FDC('0')\]
Compiling architecture behavioral of entity reg_test [reg_test_default]
Compiling architecture behavioral of entity reg_test_reg_test_sch_tb
Time Resolution for simulation is 1ps.
Waiting for 1 sub-compilation(s) to finish...
WARNING:Simulator - Unable to copy libPortabilityNOSH.dll to the simulation executable directory: boost::filesystem::copy_file: The system cannot find the path specified, "isim\reg_test_reg_test_sch_tb_isim_beh.exe.sim\libPortability.dll".
Compiled 9 VHDL Units
Built simulation executable C:/Users/Nilanka Manoj/Documents/FINAL LAB RESOUSES/New folder (3)/PROCESSOR_6_BITS_FINAL2/PROCESSOR_6_BITS_FINAL/reg_test_reg_test_sch_tb_isim_beh.exe
Fuse Memory Usage: 50224 KB
Fuse CPU Usage: 1327 ms
